2024-05-29 20:03:31.299  INFO 17264 --- [restartedMain] e.e.e.r.r.RegistroPersonaApplication     : Starting RegistroPersonaApplication using Java 17.0.10 with PID 17264 (C:\Users\jairg\IdeaProjects\RegistroPersona\target\classes started by Jair in C:\Users\jairg\IdeaProjects\RegistroPersona)
2024-05-29 20:03:31.303  INFO 17264 --- [restartedMain] e.e.e.r.r.RegistroPersonaApplication     : No active profile set, falling back to 1 default profile: "default"
2024-05-29 20:03:31.370  INFO 17264 --- [restartedMain] .e.DevToolsPropertyDefaultsPostProcessor : Devtools property defaults active! Set 'spring.devtools.add-properties' to 'false' to disable
2024-05-29 20:03:31.372  INFO 17264 --- [restartedMain] .e.DevToolsPropertyDefaultsPostProcessor : For additional web related logging consider setting the 'logging.level.web' property to 'DEBUG'
2024-05-29 20:03:32.224  INFO 17264 --- [restartedMain] o.s.b.w.embedded.tomcat.TomcatWebServer  : Tomcat initialized with port 8080 (http)
2024-05-29 20:03:32.232  INFO 17264 --- [restartedMain] o.apache.catalina.core.StandardService   : Starting service [Tomcat]
2024-05-29 20:03:32.233  INFO 17264 --- [restartedMain] o.apache.catalina.core.StandardEngine    : Starting Servlet engine: [Apache Tomcat/10.1.20]
2024-05-29 20:03:32.279  INFO 17264 --- [restartedMain] o.a.c.c.C.[Tomcat].[localhost].[/]       : Initializing Spring embedded WebApplicationContext
2024-05-29 20:03:32.279  INFO 17264 --- [restartedMain] w.s.c.ServletWebServerApplicationContext : Root WebApplicationContext: initialization completed in 906 ms
2024-05-29 20:03:32.598  INFO 17264 --- [restartedMain] o.s.b.d.a.OptionalLiveReloadServer       : LiveReload server is running on port 35729
2024-05-29 20:03:32.639  INFO 17264 --- [restartedMain] o.s.b.w.embedded.tomcat.TomcatWebServer  : Tomcat started on port 8080 (http) with context path ''
2024-05-29 20:03:32.657  INFO 17264 --- [restartedMain] e.e.e.r.r.RegistroPersonaApplication     : Started RegistroPersonaApplication in 1.781 seconds (process running for 2.867)
2024-05-29 20:03:32.661  WARN 17264 --- [restartedMain] e.e.e.r.r.services.PersonServices        : Demostración de logs warn
2024-05-29 20:03:32.661  INFO 17264 --- [restartedMain] e.e.e.r.r.services.PersonServices        : Demostración de logs info
2024-05-29 20:03:32.661 ERROR 17264 --- [restartedMain] e.e.e.r.r.services.PersonServices        : Demostración de logs error
2024-05-29 20:11:11.687  INFO 14068 --- [restartedMain] e.e.e.r.r.RegistroPersonaApplication     : Starting RegistroPersonaApplication using Java 17.0.10 with PID 14068 (C:\Users\jairg\IdeaProjects\RegistroPersona\target\classes started by Jair in C:\Users\jairg\IdeaProjects\RegistroPersona)
2024-05-29 20:11:11.690  INFO 14068 --- [restartedMain] e.e.e.r.r.RegistroPersonaApplication     : No active profile set, falling back to 1 default profile: "default"
2024-05-29 20:11:11.751  INFO 14068 --- [restartedMain] .e.DevToolsPropertyDefaultsPostProcessor : Devtools property defaults active! Set 'spring.devtools.add-properties' to 'false' to disable
2024-05-29 20:11:11.752  INFO 14068 --- [restartedMain] .e.DevToolsPropertyDefaultsPostProcessor : For additional web related logging consider setting the 'logging.level.web' property to 'DEBUG'
2024-05-29 20:11:12.636  INFO 14068 --- [restartedMain] o.s.b.w.embedded.tomcat.TomcatWebServer  : Tomcat initialized with port 8080 (http)
2024-05-29 20:11:12.644  INFO 14068 --- [restartedMain] o.apache.catalina.core.StandardService   : Starting service [Tomcat]
2024-05-29 20:11:12.645  INFO 14068 --- [restartedMain] o.apache.catalina.core.StandardEngine    : Starting Servlet engine: [Apache Tomcat/10.1.20]
2024-05-29 20:11:12.682  INFO 14068 --- [restartedMain] o.a.c.c.C.[Tomcat].[localhost].[/]       : Initializing Spring embedded WebApplicationContext
2024-05-29 20:11:12.682  INFO 14068 --- [restartedMain] w.s.c.ServletWebServerApplicationContext : Root WebApplicationContext: initialization completed in 930 ms
2024-05-29 20:11:12.989  INFO 14068 --- [restartedMain] o.s.b.d.a.OptionalLiveReloadServer       : LiveReload server is running on port 35729
2024-05-29 20:11:13.019  INFO 14068 --- [restartedMain] o.s.b.w.embedded.tomcat.TomcatWebServer  : Tomcat started on port 8080 (http) with context path ''
2024-05-29 20:11:13.030  INFO 14068 --- [restartedMain] e.e.e.r.r.RegistroPersonaApplication     : Started RegistroPersonaApplication in 1.764 seconds (process running for 2.772)
2024-05-29 20:11:13.033  WARN 14068 --- [restartedMain] e.e.e.r.r.services.PersonServices        : Demostración de logs warn
2024-05-29 20:11:13.033  INFO 14068 --- [restartedMain] e.e.e.r.r.services.PersonServices        : Demostración de logs info
2024-05-29 20:11:13.033 ERROR 14068 --- [restartedMain] e.e.e.r.r.services.PersonServices        : Demostración de logs error
